<?xml version="1.0" encoding="UTF-8"?>
<!-- Generated by org.testng.reporters.JUnitReportReporter -->
<testsuite skipped="0" hostname="SW-Laptop" name="test.test.DemoSiteTest" tests="1" failures="0" timestamp="09 Jan 2018 16:34:11 GMT" time="7.370" errors="0">
  <testcase name="createUser" time="7.370" classname="test.test.DemoSiteTest"/>
</testsuite> <!-- test.test.DemoSiteTest -->
