<?xml version="1.0" encoding="UTF-8"?>
<!-- Generated by org.testng.reporters.JUnitReportReporter -->
<testsuite skipped="0" hostname="SW-Laptop" name="test.test.DemoSiteTest" tests="2" failures="0" timestamp="10 Jan 2018 14:24:06 GMT" time="18.919" errors="0">
  <testcase name="createUserChrome" time="9.459" classname="test.test.DemoSiteTest"/>
  <testcase name="createUserFirefox" time="9.460" classname="test.test.DemoSiteTest"/>
</testsuite> <!-- test.test.DemoSiteTest -->
